<?xml version="1.0" encoding="UTF-8"?>
<!-- Generated by org.testng.reporters.JUnitXMLReporter -->
<testsuite ignored="0" hostname="LAPTOP-MVNUQ4K1" failures="1" tests="4" name="DryRun" time="0.115" errors="0" timestamp="2022-08-27T19:12:19 GMT-04:00">
  <testcase classname="ca.amazon.DryRun" name="primarytest" time="0.039">
    <skipped/>
  </testcase> <!-- primarytest -->
  <testcase classname="ca.amazon.DryRun" name="primarytest" time="0.0">
    <skipped/>
  </testcase> <!-- primarytest -->
  <testcase classname="ca.amazon.DryRun" name="primarytest" time="0.002">
    <skipped/>
  </testcase> <!-- primarytest -->
  <testcase classname="ca.amazon.DryRun" name="primarytest" time="0.001">
    <failure type="java.lang.AssertionError" message="expected [Shiva] but found [Shivam]">
      <![CDATA[java.lang.AssertionError: expected [Shiva] but found [Shivam]
at ca.amazon.DryRun.primarytest(DryRun.java:17)
at java.base/java.util.ArrayList.forEach(ArrayList.java:1511)
at java.base/java.util.concurrent.FutureTask.run(FutureTask.java:264)
at java.base/java.util.concurrent.ThreadPoolExecutor.runWorker(ThreadPoolExecutor.java:1136)
at java.base/java.util.concurrent.ThreadPoolExecutor$Worker.run(ThreadPoolExecutor.java:635)
at java.base/java.lang.Thread.run(Thread.java:833)
... Removed 23 stack frames]]>
    </failure>
  </testcase> <!-- primarytest -->
</testsuite> <!-- DryRun -->
