<?xml version="1.0" encoding="UTF-8"?>
<!-- Generated by org.testng.reporters.JUnitXMLReporter -->
<testsuite ignored="0" hostname="LAPTOP-MVNUQ4K1" failures="0" tests="3" name="DryRun" time="8.561" errors="0" timestamp="2022-08-29T23:55:44 GMT-04:00">
  <testcase classname="ca.amazon.TestAmazonSignIn" name="SigninButtonTest" time="1.122"/>
  <testcase classname="ca.amazon.TestAmazonSignIn" name="EmailTest" time="0.599"/>
  <testcase classname="ca.amazon.TestAmazonSignIn" name="ContinueTest" time="1.575"/>
</testsuite> <!-- DryRun -->
