<?xml version="1.0" encoding="UTF-8"?>
<!-- Generated by org.testng.reporters.JUnitXMLReporter -->
<testsuite ignored="0" hostname="LAPTOP-MVNUQ4K1" failures="1" tests="7" name="SignInProcess" time="77.036" errors="0" timestamp="2022-09-09T01:19:20 GMT-04:00">
  <testcase classname="ca.amazon.TestSignIn" name="SigninButtonTest" time="1.552"/>
  <testcase classname="ca.amazon.TestSignIn" name="EmailTest" time="3.085"/>
  <testcase classname="ca.amazon.TestSignInRedirect" name="PasswordTest" time="2.647"/>
  <testcase classname="ca.amazon.TestSignInRedirect" name="RememberMeTest" time="0.23"/>
  <testcase classname="ca.amazon.TestSignInRedirect" name="SignInTest" time="0.305"/>
  <testcase classname="ca.amazon.TestHomePage" name="Search" time="8.238">
    <skipped/>
  </testcase> <!-- Search -->
  <testcase classname="ca.amazon.TestHomePage" name="Search" time="8.689">
    <failure type="java.lang.AssertionError" message="expected [65] but found [64]">
      <![CDATA[java.lang.AssertionError: expected [65] but found [64]
at ca.amazon.TestHomePage.Search(TestHomePage.java:46)
at java.base/java.util.ArrayList.forEach(ArrayList.java:1511)
... Removed 33 stack frames]]>
    </failure>
  </testcase> <!-- Search -->
</testsuite> <!-- SignInProcess -->
