<?xml version="1.0" encoding="UTF-8"?>
<!-- Generated by org.testng.reporters.JUnitXMLReporter -->
<testsuite ignored="0" hostname="LAPTOP-MVNUQ4K1" failures="0" tests="7" name="SignInProcess" time="60.199" errors="0" timestamp="2022-09-02T19:45:37 GMT-04:00">
  <testcase classname="ca.amazon.TestSignInRedirect" name="PasswordTest" time="0.104"/>
  <testcase classname="ca.amazon.TestSignInRedirect" name="RememberMeTest" time="0.121"/>
  <testcase classname="ca.amazon.TestSignInRedirect" name="SignInTest" time="0.204"/>
  <testcase classname="ca.amazon.TestHomePage" name="Search" time="15.172"/>
  <testcase classname="ca.amazon.TestSignIn" name="SigninButtonTest" time="1.296"/>
  <testcase classname="ca.amazon.TestSignIn" name="EmailTest" time="1.414"/>
  <testcase classname="ca.amazon.TestSignIn" name="ContinueTest" time="2.337"/>
</testsuite> <!-- SignInProcess -->
