<?xml version="1.0" encoding="UTF-8"?>
<!-- Generated by org.testng.reporters.JUnitXMLReporter -->
<testsuite ignored="0" hostname="LAPTOP-MVNUQ4K1" failures="0" tests="3" name="SignInAccount" time="10.584" errors="0" timestamp="2022-08-30T00:00:23 GMT-04:00">
  <testcase classname="ca.amazon.TestAmazonSignInRedirect" name="PasswordTest" time="0.145"/>
  <testcase classname="ca.amazon.TestAmazonSignInRedirect" name="RememberMeTest" time="0.096"/>
  <testcase classname="ca.amazon.TestAmazonSignInRedirect" name="SignInTest" time="0.13"/>
</testsuite> <!-- SignInAccount -->
