<?xml version="1.0" encoding="UTF-8"?>
<!-- Generated by org.testng.reporters.JUnitXMLReporter -->
<testsuite ignored="0" hostname="LAPTOP-MVNUQ4K1" failures="0" tests="3" name="Default test" time="30.559" errors="0" timestamp="2022-09-03T04:54:50 GMT-04:00">
  <testcase classname="ca.amazon.TestSignInRedirect" name="PasswordTest" time="2.96"/>
  <testcase classname="ca.amazon.TestSignInRedirect" name="RememberMeTest" time="0.295"/>
  <testcase classname="ca.amazon.TestSignInRedirect" name="SignInTest" time="0.365"/>
</testsuite> <!-- Default test -->
