<?xml version="1.0" encoding="UTF-8"?>
<!-- Generated by org.testng.reporters.JUnitXMLReporter -->
<testsuite ignored="1" hostname="LAPTOP-MVNUQ4K1" failures="0" tests="1" name="Default test" time="7.836" errors="0" timestamp="2022-11-27T16:37:58 GMT-05:00">
  <testcase classname="ca.amazon.TestSignIn" name="SigninButtonTest" time="1.112"/>
  <testcase classname="ca.amazon.TestSignIn" name="EmailTest" time="0.0">
    <ignored/>
  </testcase> <!-- EmailTest -->
</testsuite> <!-- Default test -->
