<?xml version="1.0" encoding="UTF-8" ?>
<testsuite tests="1" failures="1" name="TestSuite" time="0.1" errors="0" skipped="0">
  <properties>
[...]
</properties>
  <testcase classname="ca.amazon.TestAmazonSignIn" name="SigninButtonTest" time="0.1">
    <failure message="expected [Amazon Sign In] but found [Amazon.ca: Low Prices – Fast Shipping – Millions of Items]" type="java.lang.AssertionError">java.lang.AssertionError: expected [Amazon Sign In] but found [Amazon.ca: Low Prices – Fast Shipping – Millions of Items]
	at org.testng.Assert.fail(Assert.java:110)
	at org.testng.Assert.failNotEquals(Assert.java:1413)
	at org.testng.Assert.assertEqualsImpl(Assert.java:149)
	at org.testng.Assert.assertEquals(Assert.java:131)
	at org.testng.Assert.assertEquals(Assert.java:655)
	at org.testng.Assert.assertEquals(Assert.java:665)
	at ca.amazon.TestAmazonSignIn.SigninButtonTest(TestAmazonSignIn.java:26)
</failure>
    <system-out>Configuring TestNG with: org.apache.maven.surefire.testng.conf.TestNG652Configurator@57829d67
08-29-2022 00:12:17 BaseTest.java INFO  [main] basepackage.BaseTest 45 - Connecting with Chrome Browser
08-29-2022 00:12:18 BaseTest.java INFO  [main] basepackage.BaseTest 38 - Opening the URL
</system-out>
    <system-err>SLF4J: Failed to load class &quot;org.slf4j.impl.StaticLoggerBinder&quot;.
SLF4J: Defaulting to no-operation (NOP) logger implementation
SLF4J: See http://www.slf4j.org/codes.html#StaticLoggerBinder for further details.
Starting ChromeDriver 103.0.5060.53 (a1711811edd74ff1cf2150f36ffa3b0dae40b17f-refs/branch-heads/5060@{#853}) on port 9186
Only local connections are allowed.
Please see https://chromedriver.chromium.org/security-considerations for suggestions on keeping ChromeDriver safe.
ChromeDriver was started successfully.
[1661746337.667][WARNING]: This version of ChromeDriver has not been tested with Chrome version 104.
Aug 29, 2022 12:12:17 AM org.openqa.selenium.remote.ProtocolHandshake createSession
INFO: Detected dialect: W3C
</system-err>
  </testcase>
</testsuite>