<?xml version="1.0" encoding="UTF-8"?>
<testng-results ignored="0" total="1" passed="1" failed="0" skipped="0">
  <reporter-output>
  </reporter-output>
  <suite started-at="2022-08-28T06:12:46 GMT-04:00" name="Default suite" finished-at="2022-08-28T06:12:50 GMT-04:00" duration-ms="3616">
    <groups>
    </groups>
    <test started-at="2022-08-28T06:12:46 GMT-04:00" name="Default test" finished-at="2022-08-28T06:12:50 GMT-04:00" duration-ms="3616">
      <class name="ca.amazon.DryRun">
        <test-method signature="primarytest()[pri:0, instance:ca.amazon.DryRun@4e08711f]" started-at="2022-08-28T06:12:46 GMT-04:00" name="primarytest" finished-at="2022-08-28T06:12:50 GMT-04:00" duration-ms="3568" status="PASS">
          <reporter-output>
          </reporter-output>
        </test-method> <!-- primarytest -->
      </class> <!-- ca.amazon.DryRun -->
    </test> <!-- Default test -->
  </suite> <!-- Default suite -->
</testng-results>
